<?xml version="1.0" encoding="UTF-8"?>
<!-- Generated by org.testng.reporters.JUnitXMLReporter -->
<testsuite hostname="LNDB1112" name="Command line test" tests="7" failures="0" timestamp="25 Jun 2018 08:08:07 GMT" time="10.47" errors="0">
  <testcase name="openApp" time="0.333" classname="com.qait.automation.maven_one.AppTest"/>
  <testcase name="homepage" time="0.188" classname="com.qait.automation.maven_one.AppTest"/>
  <testcase name="grid_gate" time="0.238" classname="com.qait.automation.maven_one.AppTest"/>
  <testcase name="dungeon" time="0.888" classname="com.qait.automation.maven_one.AppTest"/>
  <testcase name="drag" time="0.273" classname="com.qait.automation.maven_one.AppTest"/>
  <testcase name="windows" time="1.473" classname="com.qait.automation.maven_one.AppTest"/>
  <testcase name="cookie" time="0.247" classname="com.qait.automation.maven_one.AppTest"/>
</testsuite> <!-- Command line test -->
